<?xml version="1.0" encoding="UTF-8"?>
<!-- Generated by org.testng.reporters.JUnitReportReporter -->
<testsuite hostname="LAPTOP-7CB5UQVM" failures="0" tests="2" name="PrallelExecution.PrallelExecution" time="34.560" errors="0" timestamp="2021-04-12T13:17:53 IST" skipped="0">
  <testcase classname="PrallelExecution.PrallelExecution" name="verifyparallel1" time="8.529"/>
  <system-out>
google website is opened  </system-out>
  <testcase classname="PrallelExecution.PrallelExecution" name="verifyparallel" time="26.031"/>
  <system-out>
lumens website is opened  </system-out>
</testsuite> <!-- PrallelExecution.PrallelExecution -->
